<?xml version="1.0" encoding="UTF-8"?>
<!-- Generated by org.testng.reporters.JUnitReportReporter -->
<testsuite hostname="Harini" failures="0" tests="1" name="testCases.TC001_AccountRegistrationtest" time="1.842" errors="0" timestamp="2025-04-21T14:01:03 IST" skipped="0">
  <testcase classname="testCases.TC001_AccountRegistrationtest" name="verify_account_registartion" time="1.842"/>
  <system-out/>
</testsuite> <!-- testCases.TC001_AccountRegistrationtest -->
