<?xml version="1.0" encoding="UTF-8"?>
<!-- Generated by org.testng.reporters.JUnitReportReporter -->
<testsuite hostname="Harini" failures="0" tests="1" name="testCases.TC002_LoginTest" time="0.606" errors="0" timestamp="2025-04-21T14:01:03 IST" skipped="0">
  <testcase classname="testCases.TC002_LoginTest" name="verify_login" time="0.606"/>
  <system-out/>
</testsuite> <!-- testCases.TC002_LoginTest -->
